<?xml version="1.0" encoding="UTF-8"?>
<testng-results ignored="0" total="5" passed="4" failed="1" skipped="0">
  <reporter-output>
  </reporter-output>
  <suite started-at="2021-11-14T20:34:28 IST" name="Default suite" finished-at="2021-11-14T20:35:18 IST" duration-ms="50156">
    <groups>
    </groups>
    <test started-at="2021-11-14T20:34:28 IST" name="Default test" finished-at="2021-11-14T20:35:18 IST" duration-ms="50156">
      <class name="oct4_ExtentReporting.ContactUs">
        <test-method is-config="true" signature="testbefore()[pri:0, instance:oct4_ExtentReporting.ContactUs@1af2d44a]" started-at="2021-11-14T20:34:28 IST" name="testbefore" finished-at="2021-11-14T20:34:28 IST" duration-ms="397" status="PASS">
          <reporter-output>
          </reporter-output>
        </test-method> <!-- testbefore -->
        <test-method is-config="true" signature="beforeclass()[pri:0, instance:oct4_ExtentReporting.ContactUs@1af2d44a]" started-at="2021-11-14T20:34:28 IST" name="beforeclass" finished-at="2021-11-14T20:34:32 IST" duration-ms="4290" status="PASS">
          <reporter-output>
          </reporter-output>
        </test-method> <!-- beforeclass -->
        <test-method is-config="true" signature="beforemethod()[pri:0, instance:oct4_ExtentReporting.ContactUs@1af2d44a]" started-at="2021-11-14T20:34:32 IST" name="beforemethod" finished-at="2021-11-14T20:34:39 IST" duration-ms="6832" status="PASS">
          <reporter-output>
          </reporter-output>
        </test-method> <!-- beforemethod -->
        <test-method signature="ContactUsTest001()[pri:0, instance:oct4_ExtentReporting.ContactUs@1af2d44a]" started-at="2021-11-14T20:34:39 IST" name="ContactUsTest001" finished-at="2021-11-14T20:34:44 IST" duration-ms="5165" status="PASS">
          <reporter-output>
          </reporter-output>
        </test-method> <!-- ContactUsTest001 -->
        <test-method is-config="true" signature="aftermethod()[pri:0, instance:oct4_ExtentReporting.ContactUs@1af2d44a]" started-at="2021-11-14T20:34:44 IST" name="aftermethod" finished-at="2021-11-14T20:34:47 IST" duration-ms="2076" status="PASS">
          <reporter-output>
          </reporter-output>
        </test-method> <!-- aftermethod -->
        <test-method is-config="true" signature="beforemethod()[pri:0, instance:oct4_ExtentReporting.ContactUs@1af2d44a]" started-at="2021-11-14T20:34:47 IST" name="beforemethod" finished-at="2021-11-14T20:34:49 IST" duration-ms="2249" status="PASS">
          <reporter-output>
          </reporter-output>
        </test-method> <!-- beforemethod -->
        <test-method signature="ContactUsTest002()[pri:0, instance:oct4_ExtentReporting.ContactUs@1af2d44a]" started-at="2021-11-14T20:34:49 IST" name="ContactUsTest002" finished-at="2021-11-14T20:34:52 IST" duration-ms="3374" status="PASS">
          <reporter-output>
          </reporter-output>
        </test-method> <!-- ContactUsTest002 -->
        <test-method is-config="true" signature="aftermethod()[pri:0, instance:oct4_ExtentReporting.ContactUs@1af2d44a]" started-at="2021-11-14T20:34:52 IST" name="aftermethod" finished-at="2021-11-14T20:34:53 IST" duration-ms="1117" status="PASS">
          <reporter-output>
          </reporter-output>
        </test-method> <!-- aftermethod -->
        <test-method is-config="true" signature="beforemethod()[pri:0, instance:oct4_ExtentReporting.ContactUs@1af2d44a]" started-at="2021-11-14T20:34:53 IST" name="beforemethod" finished-at="2021-11-14T20:34:58 IST" duration-ms="4762" status="PASS">
          <reporter-output>
          </reporter-output>
        </test-method> <!-- beforemethod -->
        <test-method signature="ContactUsTest003()[pri:0, instance:oct4_ExtentReporting.ContactUs@1af2d44a]" started-at="2021-11-14T20:34:58 IST" name="ContactUsTest003" finished-at="2021-11-14T20:35:01 IST" duration-ms="3196" status="FAIL">
          <exception class="java.lang.AssertionError">
            <message>
              <![CDATA[expected [true] but found [false]]]>
            </message>
            <full-stacktrace>
              <![CDATA[java.lang.AssertionError: expected [true] but found [false]
at org.testng.Assert.fail(Assert.java:99)
at org.testng.Assert.failNotEquals(Assert.java:1037)
at org.testng.Assert.assertTrue(Assert.java:45)
at org.testng.Assert.assertTrue(Assert.java:55)
at oct4_ExtentReporting.ContactUs.ContactUsTest003(ContactUs.java:90)
at java.base/jdk.internal.reflect.NativeMethodAccessorImpl.invoke0(Native Method)
at java.base/jdk.internal.reflect.NativeMethodAccessorImpl.invoke(NativeMethodAccessorImpl.java:78)
at java.base/jdk.internal.reflect.DelegatingMethodAccessorImpl.invoke(DelegatingMethodAccessorImpl.java:43)
at java.base/java.lang.reflect.Method.invoke(Method.java:567)
at org.testng.internal.MethodInvocationHelper.invokeMethod(MethodInvocationHelper.java:133)
at org.testng.internal.TestInvoker.invokeMethod(TestInvoker.java:598)
at org.testng.internal.TestInvoker.invokeTestMethod(TestInvoker.java:173)
at org.testng.internal.MethodRunner.runInSequence(MethodRunner.java:46)
at org.testng.internal.TestInvoker$MethodInvocationAgent.invoke(TestInvoker.java:824)
at org.testng.internal.TestInvoker.invokeTestMethods(TestInvoker.java:146)
at org.testng.internal.TestMethodWorker.invokeTestMethods(TestMethodWorker.java:146)
at org.testng.internal.TestMethodWorker.run(TestMethodWorker.java:128)
at java.base/java.util.ArrayList.forEach(ArrayList.java:1511)
at org.testng.TestRunner.privateRun(TestRunner.java:794)
at org.testng.TestRunner.run(TestRunner.java:596)
at org.testng.SuiteRunner.runTest(SuiteRunner.java:377)
at org.testng.SuiteRunner.runSequentially(SuiteRunner.java:371)
at org.testng.SuiteRunner.privateRun(SuiteRunner.java:332)
at org.testng.SuiteRunner.run(SuiteRunner.java:276)
at org.testng.SuiteRunnerWorker.runSuite(SuiteRunnerWorker.java:53)
at org.testng.SuiteRunnerWorker.run(SuiteRunnerWorker.java:96)
at org.testng.TestNG.runSuitesSequentially(TestNG.java:1212)
at org.testng.TestNG.runSuitesLocally(TestNG.java:1134)
at org.testng.TestNG.runSuites(TestNG.java:1063)
at org.testng.TestNG.run(TestNG.java:1031)
at org.testng.remote.AbstractRemoteTestNG.run(AbstractRemoteTestNG.java:115)
at org.testng.remote.RemoteTestNG.initAndRun(RemoteTestNG.java:251)
at org.testng.remote.RemoteTestNG.main(RemoteTestNG.java:77)
]]>
            </full-stacktrace>
          </exception> <!-- java.lang.AssertionError -->
          <reporter-output>
          </reporter-output>
        </test-method> <!-- ContactUsTest003 -->
        <test-method is-config="true" signature="aftermethod()[pri:0, instance:oct4_ExtentReporting.ContactUs@1af2d44a]" started-at="2021-11-14T20:35:01 IST" name="aftermethod" finished-at="2021-11-14T20:35:03 IST" duration-ms="1522" status="PASS">
          <reporter-output>
          </reporter-output>
        </test-method> <!-- aftermethod -->
        <test-method is-config="true" signature="beforemethod()[pri:0, instance:oct4_ExtentReporting.ContactUs@1af2d44a]" started-at="2021-11-14T20:35:03 IST" name="beforemethod" finished-at="2021-11-14T20:35:06 IST" duration-ms="3002" status="PASS">
          <reporter-output>
          </reporter-output>
        </test-method> <!-- beforemethod -->
        <test-method signature="ContactUsTest004()[pri:0, instance:oct4_ExtentReporting.ContactUs@1af2d44a]" started-at="2021-11-14T20:35:06 IST" name="ContactUsTest004" finished-at="2021-11-14T20:35:08 IST" duration-ms="2443" status="PASS">
          <reporter-output>
          </reporter-output>
        </test-method> <!-- ContactUsTest004 -->
        <test-method is-config="true" signature="aftermethod()[pri:0, instance:oct4_ExtentReporting.ContactUs@1af2d44a]" started-at="2021-11-14T20:35:08 IST" name="aftermethod" finished-at="2021-11-14T20:35:09 IST" duration-ms="1072" status="PASS">
          <reporter-output>
          </reporter-output>
        </test-method> <!-- aftermethod -->
        <test-method is-config="true" signature="beforemethod()[pri:0, instance:oct4_ExtentReporting.ContactUs@1af2d44a]" started-at="2021-11-14T20:35:09 IST" name="beforemethod" finished-at="2021-11-14T20:35:12 IST" duration-ms="2690" status="PASS">
          <reporter-output>
          </reporter-output>
        </test-method> <!-- beforemethod -->
        <test-method signature="ContactUsTest005()[pri:0, instance:oct4_ExtentReporting.ContactUs@1af2d44a]" started-at="2021-11-14T20:35:12 IST" name="ContactUsTest005" finished-at="2021-11-14T20:35:16 IST" duration-ms="3775" status="PASS">
          <reporter-output>
          </reporter-output>
        </test-method> <!-- ContactUsTest005 -->
        <test-method is-config="true" signature="aftermethod()[pri:0, instance:oct4_ExtentReporting.ContactUs@1af2d44a]" started-at="2021-11-14T20:35:16 IST" name="aftermethod" finished-at="2021-11-14T20:35:17 IST" duration-ms="1669" status="PASS">
          <reporter-output>
          </reporter-output>
        </test-method> <!-- aftermethod -->
        <test-method is-config="true" signature="afterclass()[pri:0, instance:oct4_ExtentReporting.ContactUs@1af2d44a]" started-at="2021-11-14T20:35:17 IST" name="afterclass" finished-at="2021-11-14T20:35:18 IST" duration-ms="367" status="PASS">
          <reporter-output>
          </reporter-output>
        </test-method> <!-- afterclass -->
        <test-method is-config="true" signature="testafter()[pri:0, instance:oct4_ExtentReporting.ContactUs@1af2d44a]" started-at="2021-11-14T20:35:18 IST" name="testafter" finished-at="2021-11-14T20:35:18 IST" duration-ms="71" status="PASS">
          <reporter-output>
          </reporter-output>
        </test-method> <!-- testafter -->
      </class> <!-- oct4_ExtentReporting.ContactUs -->
    </test> <!-- Default test -->
  </suite> <!-- Default suite -->
</testng-results>
