<?xml version="1.0" encoding="UTF-8"?>
<!-- Generated by org.testng.reporters.JUnitXMLReporter -->
<testsuite ignored="2" hostname="DESKTOP-Q4TLVFB" failures="1" tests="7" name="Test" time="320.262" errors="0" timestamp="2021-10-26T17:46:45 IST">
  <testcase classname="sep29_Testcases.LoginTestcases" name="Logintest001" time="23.995"/>
  <testcase classname="sep29_Testcases.LoginTestcases" name="Logintest002" time="26.629"/>
  <testcase classname="sep29_Testcases.ContactUs" name="ContactUsTest001" time="21.686"/>
  <testcase classname="sep29_Testcases.ContactUs" name="ContactUsTest002" time="13.811"/>
  <testcase classname="sep29_Testcases.ContactUs" name="ContactUsTest003" time="14.075">
    <failure type="java.lang.AssertionError" message="expected [true] but found [false]">
      <![CDATA[java.lang.AssertionError: expected [true] but found [false]
at sep29_Testcases.ContactUs.ContactUsTest003(ContactUs.java:53)
at java.base/java.util.ArrayList.forEach(ArrayList.java:1511)
... Removed 31 stack frames]]>
    </failure>
  </testcase> <!-- ContactUsTest003 -->
  <testcase classname="sep29_Testcases.ContactUs" name="ContactUsTest004" time="15.07"/>
  <testcase classname="sep29_Testcases.ContactUs" name="ContactUsTest005" time="13.322"/>
  <testcase classname="Base.TestBase" name="@AfterTest testafter" time="0.0">
    <ignored/>
  </testcase> <!-- @AfterTest testafter -->
  <testcase classname="Base.TestBase" name="@BeforeTest testbefore" time="0.0">
    <ignored/>
  </testcase> <!-- @BeforeTest testbefore -->
</testsuite> <!-- Test -->
